------------New Game-----------
The selected word is : amino 
The user input for try 1 : acids 
The user input for try 2 : books 
The user input for try 3 : acres 
The user input for try 4 : adobe 
The user input for try 5 : agree 
The user input for try 6 : balls 

------Statistics-------
Number of games played = 1 
Win Percentage = 0.0% 
-----Game distribution-------
Game distribution for 1 = 0.0
Game distribution for 2 = 0.0
Game distribution for 3 = 0.0
Game distribution for 4 = 0.0
Game distribution for 5 = 0.0
Game distribution for 6 = 0.0

------------New Game-----------
The selected word is : noted 
The user input for try 1 : plant 
The user input for try 2 : nurse 
The user input for try 3 : notre 
The user input for try 4 : noted 
Yay...The words matched!
------Statistics-------
Number of games played = 2 
Win Percentage = 50.0% 
-----Game distribution-------
Game distribution for 1 = 0.0
Game distribution for 2 = 0.0
Game distribution for 3 = 0.0
Game distribution for 4 = 50.0
Game distribution for 5 = 0.0
Game distribution for 6 = 0.0

------------New Game-----------
The selected word is : weeks 
The user input for try 1 : tools 
The user input for try 2 : tours 
The user input for try 3 : plant 
The user input for try 4 : rebel 
The user input for try 5 : watch 
The user input for try 6 : water 

------Statistics-------
Number of games played = 3 
Win Percentage = 33.33% 
-----Game distribution-------
Game distribution for 1 = 0.0
Game distribution for 2 = 0.0
Game distribution for 3 = 0.0
Game distribution for 4 = 33.33
Game distribution for 5 = 0.0
Game distribution for 6 = 0.0

------------New Game-----------
The selected word is : beads 
The user input for try 1 : books 
The user input for try 2 : brown 
The user input for try 3 : bruce 
The user input for try 4 : beads 
Yay...The words matched!
------Statistics-------
Number of games played = 4 
Win Percentage = 50.0% 
-----Game distribution-------
Game distribution for 1 = 0.0
Game distribution for 2 = 0.0
Game distribution for 3 = 0.0
Game distribution for 4 = 50.0
Game distribution for 5 = 0.0
Game distribution for 6 = 0.0

------------New Game-----------
The selected word is : dylan 
The user input for try 1 : rebel 
The user input for try 2 : marks 
The user input for try 3 : glass 

------Statistics-------
Number of games played = 5 
Win Percentage = 40.0% 
-----Game distribution-------
Game distribution for 1 = 0.0
Game distribution for 2 = 0.0
Game distribution for 3 = 0.0
Game distribution for 4 = 40.0
Game distribution for 5 = 0.0
Game distribution for 6 = 0.0

------------New Game-----------
The selected word is : wells 
The user input for try 1 : walks 
The user input for try 2 : glass 
The user input for try 3 : works 
The user input for try 4 : wells 
Yay...The words matched!
------Statistics-------
Number of games played = 1 
Win Percentage = 100.0% 
-----Game distribution-------
Game distribution for 1 = 0.0
Game distribution for 2 = 0.0
Game distribution for 3 = 0.0
Game distribution for 4 = 100.0
Game distribution for 5 = 0.0
Game distribution for 6 = 0.0

------------New Game-----------
The selected word is : cloth 
The user input for try 1 : books 
The user input for try 2 : batch 
The user input for try 3 : match 
The user input for try 4 : plant 
The user input for try 5 : glass 
The user input for try 6 : flash 

------Statistics-------
Number of games played = 2 
Win Percentage = 50.0% 
-----Game distribution-------
Game distribution for 1 = 0.0
Game distribution for 2 = 0.0
Game distribution for 3 = 0.0
Game distribution for 4 = 50.0
Game distribution for 5 = 0.0
Game distribution for 6 = 0.0

------------New Game-----------
The selected word is : cliff 
The user input for try 1 : glass 
The user input for try 2 : chest 
The user input for try 3 : china 
The user input for try 4 : chips 
The user input for try 5 : chuck 

------Statistics-------
Number of games played = 3 
Win Percentage = 33.33% 
-----Game distribution-------
Game distribution for 1 = 0.0
Game distribution for 2 = 0.0
Game distribution for 3 = 0.0
Game distribution for 4 = 33.33
Game distribution for 5 = 0.0
Game distribution for 6 = 0.0

------------New Game-----------
The selected word is : ellen 
The user input for try 1 : books 
The user input for try 2 : black 
The user input for try 3 : goals 
The user input for try 4 : elite 

------Statistics-------
Number of games played = 1 
Win Percentage = 0.0% 
-----Game distribution-------
Game distribution for 1 = 0.0
Game distribution for 2 = 0.0
Game distribution for 3 = 0.0
Game distribution for 4 = 0.0
Game distribution for 5 = 0.0
Game distribution for 6 = 0.0
